<?xml version="1.0" ?>
<!DOCTYPE coverage SYSTEM "http://cobertura.sourceforge.net/xml/coverage-04.dtd">
<coverage lines-valid="429"  lines-covered="340"  line-rate="0.7925"  branches-valid="228"  branches-covered="161"  branch-rate="0.7061"  timestamp="1367782797863" complexity="0" version="0.1">
<sources />
<packages>
	<package name="src"  line-rate="0.7925"  branch-rate="0.7061" >
	<classes>
		<class name="cal-heatmap.js"  filename="/Users/kamisama/github/cal-heatmap/src/cal-heatmap.js"  line-rate="0.7925"  branch-rate="0.7061" >
		<methods>
			<method name="(anonymous_1)"  hits="103"  signature="()V"  />
			<method name="(anonymous_2)"  hits="0"  signature="()V"  />
			<method name="(anonymous_3)"  hits="0"  signature="()V"  />
			<method name="(anonymous_4)"  hits="4"  signature="()V"  />
			<method name="(anonymous_5)"  hits="59298"  signature="()V"  />
			<method name="(anonymous_6)"  hits="528"  signature="()V"  />
			<method name="(anonymous_7)"  hits="29460"  signature="()V"  />
			<method name="(anonymous_8)"  hits="29460"  signature="()V"  />
			<method name="(anonymous_9)"  hits="7"  signature="()V"  />
			<method name="(anonymous_10)"  hits="4308"  signature="()V"  />
			<method name="(anonymous_11)"  hits="114"  signature="()V"  />
			<method name="(anonymous_12)"  hits="2112"  signature="()V"  />
			<method name="(anonymous_13)"  hits="2112"  signature="()V"  />
			<method name="(anonymous_14)"  hits="3"  signature="()V"  />
			<method name="(anonymous_15)"  hits="44"  signature="()V"  />
			<method name="(anonymous_16)"  hits="54"  signature="()V"  />
			<method name="(anonymous_17)"  hits="1206"  signature="()V"  />
			<method name="(anonymous_18)"  hits="1206"  signature="()V"  />
			<method name="(anonymous_19)"  hits="0"  signature="()V"  />
			<method name="(anonymous_20)"  hits="0"  signature="()V"  />
			<method name="(anonymous_21)"  hits="0"  signature="()V"  />
			<method name="(anonymous_22)"  hits="0"  signature="()V"  />
			<method name="(anonymous_23)"  hits="0"  signature="()V"  />
			<method name="(anonymous_24)"  hits="0"  signature="()V"  />
			<method name="(anonymous_25)"  hits="20"  signature="()V"  />
			<method name="(anonymous_26)"  hits="24"  signature="()V"  />
			<method name="(anonymous_27)"  hits="67"  signature="()V"  />
			<method name="(anonymous_28)"  hits="67"  signature="()V"  />
			<method name="(anonymous_29)"  hits="0"  signature="()V"  />
			<method name="(anonymous_30)"  hits="58"  signature="()V"  />
			<method name="(anonymous_31)"  hits="12"  signature="()V"  />
			<method name="(anonymous_32)"  hits="24"  signature="()V"  />
			<method name="(anonymous_33)"  hits="24"  signature="()V"  />
			<method name="(anonymous_34)"  hits="0"  signature="()V"  />
			<method name="(anonymous_35)"  hits="0"  signature="()V"  />
			<method name="(anonymous_36)"  hits="0"  signature="()V"  />
			<method name="(anonymous_37)"  hits="0"  signature="()V"  />
			<method name="(anonymous_38)"  hits="0"  signature="()V"  />
			<method name="(anonymous_39)"  hits="0"  signature="()V"  />
			<method name="(anonymous_40)"  hits="109"  signature="()V"  />
			<method name="(anonymous_41)"  hits="573"  signature="()V"  />
			<method name="(anonymous_42)"  hits="0"  signature="()V"  />
			<method name="(anonymous_43)"  hits="0"  signature="()V"  />
			<method name="(anonymous_44)"  hits="0"  signature="()V"  />
			<method name="(anonymous_45)"  hits="0"  signature="()V"  />
			<method name="(anonymous_46)"  hits="24"  signature="()V"  />
			<method name="(anonymous_47)"  hits="366"  signature="()V"  />
			<method name="(anonymous_48)"  hits="268"  signature="()V"  />
			<method name="(anonymous_49)"  hits="244"  signature="()V"  />
			<method name="(anonymous_50)"  hits="0"  signature="()V"  />
			<method name="(anonymous_51)"  hits="0"  signature="()V"  />
			<method name="(anonymous_52)"  hits="24"  signature="()V"  />
			<method name="(anonymous_53)"  hits="122"  signature="()V"  />
			<method name="(anonymous_54)"  hits="122"  signature="()V"  />
			<method name="(anonymous_55)"  hits="122"  signature="()V"  />
			<method name="(anonymous_56)"  hits="122"  signature="()V"  />
			<method name="(anonymous_57)"  hits="122"  signature="()V"  />
			<method name="(anonymous_58)"  hits="122"  signature="()V"  />
			<method name="(anonymous_59)"  hits="122"  signature="()V"  />
			<method name="(anonymous_60)"  hits="122"  signature="()V"  />
			<method name="(anonymous_61)"  hits="122"  signature="()V"  />
			<method name="(anonymous_62)"  hits="32869"  signature="()V"  />
			<method name="(anonymous_63)"  hits="32869"  signature="()V"  />
			<method name="radius"  hits="24"  signature="()V"  />
			<method name="(anonymous_65)"  hits="32869"  signature="()V"  />
			<method name="(anonymous_66)"  hits="122"  signature="()V"  />
			<method name="(anonymous_67)"  hits="0"  signature="()V"  />
			<method name="(anonymous_68)"  hits="122"  signature="()V"  />
			<method name="(anonymous_69)"  hits="0"  signature="()V"  />
			<method name="(anonymous_70)"  hits="0"  signature="()V"  />
			<method name="(anonymous_71)"  hits="115"  signature="()V"  />
			<method name="(anonymous_72)"  hits="3"  signature="()V"  />
			<method name="(anonymous_73)"  hits="3"  signature="()V"  />
			<method name="(anonymous_74)"  hits="4"  signature="()V"  />
			<method name="(anonymous_75)"  hits="2"  signature="()V"  />
			<method name="(anonymous_76)"  hits="2"  signature="()V"  />
			<method name="(anonymous_77)"  hits="23"  signature="()V"  />
			<method name="(anonymous_78)"  hits="115"  signature="()V"  />
			<method name="(anonymous_79)"  hits="115"  signature="()V"  />
			<method name="(anonymous_80)"  hits="115"  signature="()V"  />
			<method name="(anonymous_81)"  hits="115"  signature="()V"  />
			<method name="(anonymous_82)"  hits="1"  signature="()V"  />
			<method name="(anonymous_83)"  hits="12"  signature="()V"  />
			<method name="(anonymous_84)"  hits="0"  signature="()V"  />
			<method name="(anonymous_85)"  hits="0"  signature="()V"  />
			<method name="(anonymous_86)"  hits="0"  signature="()V"  />
			<method name="(anonymous_87)"  hits="32869"  signature="()V"  />
			<method name="(anonymous_88)"  hits="32869"  signature="()V"  />
			<method name="(anonymous_89)"  hits="1437"  signature="()V"  />
			<method name="(anonymous_90)"  hits="1544"  signature="()V"  />
			<method name="(anonymous_91)"  hits="14"  signature="()V"  />
			<method name="(anonymous_92)"  hits="39"  signature="()V"  />
			<method name="(anonymous_93)"  hits="26"  signature="()V"  />
			<method name="(anonymous_94)"  hits="93"  signature="()V"  />
			<method name="(anonymous_95)"  hits="177"  signature="()V"  />
			<method name="(anonymous_96)"  hits="46"  signature="()V"  />
			<method name="(anonymous_97)"  hits="29"  signature="()V"  />
			<method name="(anonymous_98)"  hits="279"  signature="()V"  />
			<method name="(anonymous_99)"  hits="131"  signature="()V"  />
			<method name="(anonymous_100)"  hits="10"  signature="()V"  />
			<method name="(anonymous_101)"  hits="93"  signature="()V"  />
			<method name="(anonymous_102)"  hits="21"  signature="()V"  />
			<method name="(anonymous_103)"  hits="4"  signature="()V"  />
			<method name="(anonymous_104)"  hits="1"  signature="()V"  />
			<method name="(anonymous_105)"  hits="1"  signature="()V"  />
			<method name="(anonymous_106)"  hits="40"  signature="()V"  />
			<method name="(anonymous_107)"  hits="2"  signature="()V"  />
			<method name="(anonymous_108)"  hits="5"  signature="()V"  />
			<method name="(anonymous_109)"  hits="0"  signature="()V"  />
			<method name="(anonymous_110)"  hits="6"  signature="()V"  />
			<method name="(anonymous_111)"  hits="4"  signature="()V"  />
			<method name="(anonymous_112)"  hits="115"  signature="()V"  />
			<method name="(anonymous_113)"  hits="0"  signature="()V"  />
		</methods>
		<lines>
			<line number="1"  hits="1"  branch="false" />
			<line number="3"  hits="103"  branch="false" />
			<line number="5"  hits="103"  branch="false" />
			<line number="7"  hits="103"  branch="false" />
			<line number="10"  hits="103"  branch="false" />
			<line number="140"  hits="4"  branch="false" />
			<line number="145"  hits="103"  branch="false" />
			<line number="147"  hits="59298"  branch="false" />
			<line number="148"  hits="528"  branch="false" />
			<line number="150"  hits="29460"  branch="false" />
			<line number="151"  hits="29460"  branch="false" />
			<line number="158"  hits="7"  branch="false" />
			<line number="162"  hits="4308"  branch="false" />
			<line number="164"  hits="114"  branch="true"  condition-coverage="100% (3/3)" />
			<line number="165"  hits="90"  branch="false" />
			<line number="166"  hits="12"  branch="false" />
			<line number="167"  hits="12"  branch="false" />
			<line number="172"  hits="2112"  branch="true"  condition-coverage="100% (2/2)" />
			<line number="173"  hits="1416"  branch="false" />
			<line number="174"  hits="696"  branch="true"  condition-coverage="100% (2/2)" />
			<line number="175"  hits="336"  branch="false" />
			<line number="177"  hits="360"  branch="false" />
			<line number="179"  hits="2112"  branch="false" />
			<line number="187"  hits="3"  branch="false" />
			<line number="188"  hits="3"  branch="false" />
			<line number="193"  hits="44"  branch="false" />
			<line number="195"  hits="54"  branch="false" />
			<line number="196"  hits="54"  branch="true"  condition-coverage="100% (3/3)" />
			<line number="197"  hits="18"  branch="false" />
			<line number="198"  hits="18"  branch="false" />
			<line number="199"  hits="18"  branch="false" />
			<line number="204"  hits="1206"  branch="true"  condition-coverage="100% (3/3)" />
			<line number="205"  hits="21"  branch="false" />
			<line number="207"  hits="90"  branch="false" />
			<line number="208"  hits="1095"  branch="false" />
			<line number="211"  hits="1206"  branch="false" />
			<line number="218"  hits="0"  branch="false" />
			<line number="223"  hits="0"  branch="true"  condition-coverage="0% (0/3)" />
			<line number="224"  hits="0"  branch="false" />
			<line number="225"  hits="0"  branch="false" />
			<line number="226"  hits="0"  branch="false" />
			<line number="230"  hits="0"  branch="false" />
			<line number="233"  hits="0"  branch="false" />
			<line number="235"  hits="0"  branch="true"  condition-coverage="0% (0/3)" />
			<line number="236"  hits="0"  branch="false" />
			<line number="238"  hits="0"  branch="false" />
			<line number="239"  hits="0"  branch="false" />
			<line number="248"  hits="0"  branch="false" />
			<line number="252"  hits="20"  branch="false" />
			<line number="254"  hits="24"  branch="false" />
			<line number="255"  hits="24"  branch="true"  condition-coverage="100% (2/2)" />
			<line number="256"  hits="6"  branch="false" />
			<line number="257"  hits="18"  branch="false" />
			<line number="259"  hits="0"  branch="false" />
			<line number="263"  hits="67"  branch="true"  condition-coverage="100% (2/2)" />
			<line number="264"  hits="52"  branch="false" />
			<line number="265"  hits="15"  branch="false" />
			<line number="269"  hits="67"  branch="false" />
			<line number="277"  hits="0"  branch="false" />
			<line number="281"  hits="58"  branch="false" />
			<line number="282"  hits="12"  branch="false" />
			<line number="284"  hits="24"  branch="false" />
			<line number="285"  hits="24"  branch="false" />
			<line number="292"  hits="0"  branch="false" />
			<line number="296"  hits="0"  branch="false" />
			<line number="297"  hits="0"  branch="false" />
			<line number="299"  hits="0"  branch="false" />
			<line number="300"  hits="0"  branch="false" />
			<line number="307"  hits="0"  branch="false" />
			<line number="311"  hits="103"  branch="false" />
			<line number="313"  hits="103"  branch="false" />
			<line number="317"  hits="103"  branch="false" />
			<line number="320"  hits="103"  branch="false" />
			<line number="323"  hits="103"  branch="false" />
			<line number="329"  hits="103"  branch="false" />
			<line number="331"  hits="109"  branch="true"  condition-coverage="100% (2/2)" />
			<line number="332"  hits="1"  branch="false" />
			<line number="334"  hits="108"  branch="false" />
			<line number="337"  hits="573"  branch="false" />
			<line number="339"  hits="109"  branch="true"  condition-coverage="100% (2/2)" />
			<line number="340"  hits="1"  branch="false" />
			<line number="345"  hits="0"  branch="false" />
			<line number="348"  hits="1"  branch="false" />
			<line number="353"  hits="0"  branch="false" />
			<line number="357"  hits="109"  branch="false" />
			<line number="361"  hits="109"  branch="true"  condition-coverage="100% (2/2)" />
			<line number="362"  hits="24"  branch="false" />
			<line number="365"  hits="24"  branch="true"  condition-coverage="100% (2/2)" />
			<line number="366"  hits="23"  branch="false" />
			<line number="369"  hits="24"  branch="true"  condition-coverage="100% (2/2)" />
			<line number="370"  hits="1"  branch="false" />
			<line number="374"  hits="24"  branch="true"  condition-coverage="50% (1/2)" />
			<line number="375"  hits="0"  branch="false" />
			<line number="382"  hits="24"  branch="true"  condition-coverage="100% (2/2)" />
			<line number="383"  hits="2"  branch="false" />
			<line number="387"  hits="109"  branch="false" />
			<line number="390"  hits="103"  branch="false" />
			<line number="391"  hits="0"  branch="true"  condition-coverage="0% (0/2)" />
			<line number="392"  hits="0"  branch="false" />
			<line number="395"  hits="0"  branch="false" />
			<line number="396"  hits="0"  branch="false" />
			<line number="398"  hits="0"  branch="false" />
			<line number="400"  hits="0"  branch="false" />
			<line number="407"  hits="0"  branch="false" />
			<line number="411"  hits="103"  branch="false" />
			<line number="412"  hits="0"  branch="true"  condition-coverage="0% (0/2)" />
			<line number="413"  hits="0"  branch="false" />
			<line number="416"  hits="0"  branch="false" />
			<line number="417"  hits="0"  branch="false" />
			<line number="419"  hits="0"  branch="false" />
			<line number="421"  hits="0"  branch="false" />
			<line number="428"  hits="0"  branch="false" />
			<line number="431"  hits="103"  branch="false" />
			<line number="433"  hits="24"  branch="true"  condition-coverage="50% (1/2)" />
			<line number="434"  hits="24"  branch="false" />
			<line number="437"  hits="24"  branch="false" />
			<line number="441"  hits="24"  branch="false" />
			<line number="442"  hits="366"  branch="false" />
			<line number="446"  hits="24"  branch="false" />
			<line number="447"  hits="268"  branch="false" />
			<line number="451"  hits="24"  branch="false" />
			<line number="453"  hits="24"  branch="false" />
			<line number="454"  hits="244"  branch="true"  condition-coverage="50% (1/2)" />
			<line number="455"  hits="244"  branch="false" />
			<line number="457"  hits="0"  branch="true"  condition-coverage="0% (0/2)" />
			<line number="461"  hits="24"  branch="false" />
			<line number="462"  hits="0"  branch="true"  condition-coverage="0% (0/2)" />
			<line number="463"  hits="0"  branch="false" />
			<line number="465"  hits="0"  branch="false" />
			<line number="469"  hits="24"  branch="false" />
			<line number="470"  hits="0"  branch="true"  condition-coverage="0% (0/2)" />
			<line number="471"  hits="0"  branch="false" />
			<line number="473"  hits="0"  branch="false" />
			<line number="478"  hits="24"  branch="false" />
			<line number="479"  hits="24"  branch="false" />
			<line number="481"  hits="122"  branch="false" />
			<line number="483"  hits="24"  branch="false" />
			<line number="484"  hits="24"  branch="false" />
			<line number="487"  hits="24"  branch="false" />
			<line number="491"  hits="122"  branch="false" />
			<line number="493"  hits="122"  branch="false" />
			<line number="495"  hits="122"  branch="true"  condition-coverage="50% (1/2)" />
			<line number="496"  hits="122"  branch="false" />
			<line number="498"  hits="0"  branch="true"  condition-coverage="0% (0/2)" />
			<line number="499"  hits="0"  branch="false" />
			<line number="501"  hits="0"  branch="false" />
			<line number="506"  hits="122"  branch="false" />
			<line number="508"  hits="122"  branch="false" />
			<line number="509"  hits="122"  branch="false" />
			<line number="514"  hits="24"  branch="false" />
			<line number="515"  hits="122"  branch="false" />
			<line number="517"  hits="24"  branch="false" />
			<line number="519"  hits="122"  branch="false" />
			<line number="520"  hits="122"  branch="false" />
			<line number="524"  hits="122"  branch="false" />
			<line number="528"  hits="24"  branch="false" />
			<line number="529"  hits="122"  branch="false" />
			<line number="534"  hits="32869"  branch="false" />
			<line number="535"  hits="32869"  branch="false" />
			<line number="539"  hits="24"  branch="false" />
			<line number="540"  hits="24"  branch="true"  condition-coverage="100% (2/2)" />
			<line number="541"  hits="1"  branch="false" />
			<line number="549"  hits="32869"  branch="false" />
			<line number="552"  hits="24"  branch="true"  condition-coverage="50% (1/2)" />
			<line number="554"  hits="24"  branch="true"  condition-coverage="50% (1/2)" />
			<line number="555"  hits="0"  branch="false" />
			<line number="556"  hits="0"  branch="false" />
			<line number="557"  hits="0"  branch="true"  condition-coverage="0% (0/2)" />
			<line number="558"  hits="0"  branch="false" />
			<line number="559"  hits="0"  branch="true"  condition-coverage="0% (0/2)" />
			<line number="560"  hits="0"  branch="false" />
			<line number="563"  hits="0"  branch="false" />
			<line number="565"  hits="0"  branch="true"  condition-coverage="0% (0/2)" />
			<line number="566"  hits="0"  branch="false" />
			<line number="568"  hits="0"  branch="false" />
			<line number="572"  hits="24"  branch="false" />
			<line number="573"  hits="122"  branch="false" />
			<line number="576"  hits="24"  branch="false" />
			<line number="577"  hits="0"  branch="false" />
			<line number="580"  hits="24"  branch="false" />
			<line number="581"  hits="122"  branch="false" />
			<line number="583"  hits="24"  branch="false" />
			<line number="584"  hits="0"  branch="false" />
			<line number="587"  hits="24"  branch="true"  condition-coverage="50% (1/2)" />
			<line number="588"  hits="24"  branch="false" />
			<line number="589"  hits="24"  branch="false" />
			<line number="590"  hits="0"  branch="true"  condition-coverage="0% (0/2)" />
			<line number="592"  hits="0"  branch="false" />
			<line number="595"  hits="0"  branch="true"  condition-coverage="0% (0/2)" />
			<line number="596"  hits="0"  branch="false" />
			<line number="597"  hits="0"  branch="false" />
			<line number="604"  hits="24"  branch="true"  condition-coverage="50% (1/2)" />
			<line number="605"  hits="24"  branch="false" />
			<line number="607"  hits="0"  branch="false" />
			<line number="608"  hits="0"  branch="false" />
			<line number="613"  hits="103"  branch="false" />
			<line number="616"  hits="115"  branch="true"  condition-coverage="80% (4/5)" />
			<line number="617"  hits="115"  branch="false" />
			<line number="618"  hits="3335"  branch="true"  condition-coverage="100% (5/5)" />
			<line number="621"  hits="580"  branch="false" />
			<line number="626"  hits="115"  branch="true"  condition-coverage="100% (4/4)" />
			<line number="627"  hits="3"  branch="false" />
			<line number="628"  hits="3"  branch="false" />
			<line number="631"  hits="112"  branch="true"  condition-coverage="100% (2/2)" />
			<line number="632"  hits="3"  branch="false" />
			<line number="633"  hits="3"  branch="false" />
			<line number="636"  hits="109"  branch="false" />
			<line number="638"  hits="109"  branch="true"  condition-coverage="100% (2/2)" />
			<line number="639"  hits="100"  branch="false" />
			<line number="642"  hits="109"  branch="true"  condition-coverage="100% (2/2)" />
			<line number="643"  hits="100"  branch="false" />
			<line number="646"  hits="109"  branch="false" />
			<line number="654"  hits="1"  branch="false" />
			<line number="667"  hits="3"  branch="true"  condition-coverage="100% (2/2)" />
			<line number="668"  hits="1"  branch="false" />
			<line number="670"  hits="2"  branch="false" />
			<line number="671"  hits="2"  branch="false" />
			<line number="679"  hits="3"  branch="true"  condition-coverage="100% (2/2)" />
			<line number="680"  hits="1"  branch="false" />
			<line number="682"  hits="2"  branch="false" />
			<line number="683"  hits="2"  branch="false" />
			<line number="691"  hits="4"  branch="true"  condition-coverage="100% (2/2)" />
			<line number="692"  hits="2"  branch="false" />
			<line number="694"  hits="2"  branch="false" />
			<line number="695"  hits="2"  branch="false" />
			<line number="705"  hits="2"  branch="true"  condition-coverage="100% (2/2)" />
			<line number="706"  hits="1"  branch="false" />
			<line number="707"  hits="1"  branch="false" />
			<line number="709"  hits="1"  branch="false" />
			<line number="710"  hits="1"  branch="false" />
			<line number="720"  hits="2"  branch="true"  condition-coverage="100% (2/2)" />
			<line number="721"  hits="1"  branch="false" />
			<line number="722"  hits="1"  branch="false" />
			<line number="724"  hits="1"  branch="false" />
			<line number="725"  hits="1"  branch="false" />
			<line number="737"  hits="23"  branch="false" />
			<line number="739"  hits="23"  branch="false" />
			<line number="745"  hits="23"  branch="false" />
			<line number="750"  hits="115"  branch="false" />
			<line number="751"  hits="115"  branch="false" />
			<line number="755"  hits="115"  branch="false" />
			<line number="757"  hits="23"  branch="false" />
			<line number="760"  hits="115"  branch="false" />
			<line number="761"  hits="115"  branch="true"  condition-coverage="100% (2/2)" />
			<line number="762"  hits="23"  branch="false" />
			<line number="765"  hits="92"  branch="true"  condition-coverage="100% (2/2)" />
			<line number="766"  hits="23"  branch="false" />
			<line number="770"  hits="69"  branch="false" />
			<line number="789"  hits="1"  branch="false" />
			<line number="790"  hits="1"  branch="false" />
			<line number="792"  hits="12"  branch="true"  condition-coverage="50% (1/2)" />
			<line number="793"  hits="0"  branch="false" />
			<line number="795"  hits="0"  branch="false" />
			<line number="797"  hits="0"  branch="false" />
			<line number="802"  hits="0"  branch="true"  condition-coverage="0% (0/2)" />
			<line number="803"  hits="0"  branch="false" />
			<line number="806"  hits="0"  branch="false" />
			<line number="809"  hits="0"  branch="true"  condition-coverage="0% (0/2)" />
			<line number="810"  hits="0"  branch="false" />
			<line number="811"  hits="0"  branch="false" />
			<line number="819"  hits="0"  branch="false" />
			<line number="821"  hits="0"  branch="false" />
			<line number="837"  hits="1"  branch="false" />
			<line number="845"  hits="32869"  branch="false" />
			<line number="846"  hits="32869"  branch="false" />
			<line number="850"  hits="32869"  branch="false" />
			<line number="851"  hits="32869"  branch="false" />
			<line number="871"  hits="1437"  branch="true"  condition-coverage="50% (1/2)" />
			<line number="872"  hits="1437"  branch="false" />
			<line number="877"  hits="1544"  branch="true"  condition-coverage="100% (2/2)" />
			<line number="878"  hits="1"  branch="false" />
			<line number="880"  hits="1543"  branch="true"  condition-coverage="100% (2/2)" />
			<line number="881"  hits="220"  branch="false" />
			<line number="883"  hits="1323"  branch="false" />
			<line number="893"  hits="14"  branch="true"  condition-coverage="100% (2/2)" />
			<line number="894"  hits="13"  branch="false" />
			<line number="896"  hits="14"  branch="false" />
			<line number="905"  hits="39"  branch="false" />
			<line number="907"  hits="39"  branch="true"  condition-coverage="100% (2/2)" />
			<line number="908"  hits="3"  branch="false" />
			<line number="910"  hits="36"  branch="true"  condition-coverage="100% (2/2)" />
			<line number="911"  hits="6"  branch="false" />
			<line number="912"  hits="30"  branch="true"  condition-coverage="100% (2/2)" />
			<line number="913"  hits="5"  branch="false" />
			<line number="914"  hits="5"  branch="false" />
			<line number="916"  hits="25"  branch="false" />
			<line number="920"  hits="39"  branch="false" />
			<line number="922"  hits="39"  branch="false" />
			<line number="924"  hits="39"  branch="true"  condition-coverage="100% (2/2)" />
			<line number="931"  hits="26"  branch="false" />
			<line number="932"  hits="26"  branch="false" />
			<line number="934"  hits="26"  branch="false" />
			<line number="943"  hits="93"  branch="false" />
			<line number="944"  hits="93"  branch="false" />
			<line number="946"  hits="93"  branch="false" />
			<line number="955"  hits="177"  branch="false" />
			<line number="956"  hits="177"  branch="false" />
			<line number="957"  hits="177"  branch="true"  condition-coverage="50% (1/2)" />
			<line number="958"  hits="177"  branch="false" />
			<line number="961"  hits="177"  branch="false" />
			<line number="971"  hits="46"  branch="false" />
			<line number="972"  hits="46"  branch="false" />
			<line number="973"  hits="46"  branch="false" />
			<line number="975"  hits="46"  branch="false" />
			<line number="984"  hits="29"  branch="false" />
			<line number="985"  hits="29"  branch="false" />
			<line number="986"  hits="29"  branch="false" />
			<line number="988"  hits="29"  branch="false" />
			<line number="992"  hits="279"  branch="true"  condition-coverage="100% (2/2)" />
			<line number="993"  hits="9"  branch="false" />
			<line number="996"  hits="279"  branch="true"  condition-coverage="100% (2/2)" />
			<line number="997"  hits="277"  branch="false" />
			<line number="1000"  hits="279"  branch="true"  condition-coverage="100% (6/6)" />
			<line number="1001"  hits="156"  branch="false" />
			<line number="1003"  hits="36"  branch="false" />
			<line number="1004"  hits="35"  branch="false" />
			<line number="1005"  hits="26"  branch="false" />
			<line number="1006"  hits="26"  branch="false" />
			<line number="1011"  hits="131"  branch="true"  condition-coverage="100% (2/2)" />
			<line number="1012"  hits="122"  branch="false" />
			<line number="1015"  hits="131"  branch="false" />
			<line number="1017"  hits="131"  branch="false" />
			<line number="1018"  hits="10"  branch="true"  condition-coverage="100% (2/2)" />
			<line number="1019"  hits="3"  branch="false" />
			<line number="1020"  hits="7"  branch="true"  condition-coverage="100% (2/2)" />
			<line number="1021"  hits="4"  branch="false" />
			<line number="1022"  hits="4"  branch="false" />
			<line number="1023"  hits="3"  branch="true"  condition-coverage="50% (1/2)" />
			<line number="1024"  hits="3"  branch="false" />
			<line number="1028"  hits="131"  branch="false" />
			<line number="1029"  hits="93"  branch="true"  condition-coverage="75% (3/4)" />
			<line number="1030"  hits="87"  branch="false" />
			<line number="1032"  hits="4"  branch="false" />
			<line number="1033"  hits="2"  branch="false" />
			<line number="1037"  hits="131"  branch="false" />
			<line number="1038"  hits="21"  branch="true"  condition-coverage="100% (4/4)" />
			<line number="1039"  hits="17"  branch="false" />
			<line number="1040"  hits="4"  branch="true"  condition-coverage="100% (2/2)" />
			<line number="1041"  hits="2"  branch="false" />
			<line number="1042"  hits="2"  branch="true"  condition-coverage="50% (1/2)" />
			<line number="1043"  hits="2"  branch="false" />
			<line number="1044"  hits="2"  branch="false" />
			<line number="1048"  hits="131"  branch="false" />
			<line number="1049"  hits="4"  branch="true"  condition-coverage="100% (2/2)" />
			<line number="1050"  hits="3"  branch="false" />
			<line number="1051"  hits="3"  branch="false" />
			<line number="1052"  hits="3"  branch="false" />
			<line number="1054"  hits="3"  branch="true"  condition-coverage="50% (1/2)" />
			<line number="1055"  hits="0"  branch="false" />
			<line number="1056"  hits="0"  branch="false" />
			<line number="1059"  hits="3"  branch="false" />
			<line number="1060"  hits="1"  branch="true"  condition-coverage="50% (1/2)" />
			<line number="1061"  hits="1"  branch="false" />
			<line number="1066"  hits="131"  branch="true"  condition-coverage="83.33333333333334% (5/6)" />
			<line number="1067"  hits="93"  branch="false" />
			<line number="1068"  hits="21"  branch="false" />
			<line number="1070"  hits="10"  branch="false" />
			<line number="1071"  hits="4"  branch="false" />
			<line number="1072"  hits="3"  branch="false" />
			<line number="1077"  hits="1"  branch="false" />
			<line number="1081"  hits="1"  branch="false" />
			<line number="1092"  hits="40"  branch="true"  condition-coverage="100% (2/2)" />
			<line number="1093"  hits="2"  branch="false" />
			<line number="1094"  hits="38"  branch="true"  condition-coverage="100% (2/2)" />
			<line number="1095"  hits="1"  branch="false" />
			<line number="1098"  hits="37"  branch="false" />
			<line number="1100"  hits="77"  branch="true"  condition-coverage="100% (4/4)" />
			<line number="1101"  hits="5"  branch="false" />
			<line number="1102"  hits="72"  branch="true"  condition-coverage="100% (4/4)" />
			<line number="1103"  hits="1"  branch="false" />
			<line number="1106"  hits="71"  branch="true"  condition-coverage="100% (2/2)" />
			<line number="1107"  hits="29"  branch="false" />
			<line number="1110"  hits="2"  branch="false" />
			<line number="1121"  hits="2"  branch="true"  condition-coverage="100% (4/4)" />
			<line number="1122"  hits="1"  branch="true"  condition-coverage="50% (2/4)" />
			<line number="1123"  hits="0"  branch="false" />
			<line number="1124"  hits="0"  branch="false" />
			<line number="1126"  hits="1"  branch="false" />
			<line number="1128"  hits="1"  branch="false" />
			<line number="1132"  hits="5"  branch="false" />
			<line number="1134"  hits="5"  branch="true"  condition-coverage="50% (1/2)" />
			<line number="1135"  hits="5"  branch="false" />
			<line number="1138"  hits="5"  branch="true"  condition-coverage="100% (2/2)" />
			<line number="1140"  hits="2"  branch="true"  condition-coverage="100% (2/2)" />
			<line number="1141"  hits="1"  branch="false" />
			<line number="1144"  hits="1"  branch="false" />
			<line number="1145"  hits="0"  branch="false" />
			<line number="1148"  hits="1"  branch="true"  condition-coverage="33.33333333333333% (1/3)" />
			<line number="1150"  hits="1"  branch="false" />
			<line number="1151"  hits="1"  branch="false" />
			<line number="1153"  hits="0"  branch="false" />
			<line number="1154"  hits="0"  branch="false" />
			<line number="1156"  hits="0"  branch="false" />
			<line number="1157"  hits="0"  branch="false" />
			<line number="1160"  hits="1"  branch="false" />
			<line number="1162"  hits="0"  branch="false" />
			<line number="1165"  hits="1"  branch="false" />
			<line number="1168"  hits="2"  branch="false" />
			<line number="1178"  hits="6"  branch="false" />
			<line number="1180"  hits="6"  branch="true"  condition-coverage="100% (2/2)" />
			<line number="1181"  hits="5"  branch="false" />
			<line number="1183"  hits="1"  branch="false" />
			<line number="1184"  hits="1"  branch="false" />
			<line number="1187"  hits="5"  branch="false" />
			<line number="1188"  hits="15"  branch="false" />
			<line number="1189"  hits="15"  branch="false" />
			<line number="1192"  hits="15"  branch="true"  condition-coverage="100% (2/2)" />
			<line number="1193"  hits="5"  branch="false" />
			<line number="1196"  hits="10"  branch="false" />
			<line number="1197"  hits="10"  branch="true"  condition-coverage="100% (2/2)" />
			<line number="1198"  hits="5"  branch="false" />
			<line number="1201"  hits="10"  branch="true"  condition-coverage="100% (2/2)" />
			<line number="1202"  hits="1"  branch="false" />
			<line number="1204"  hits="9"  branch="false" />
			<line number="1208"  hits="5"  branch="false" />
			<line number="1213"  hits="4"  branch="false" />
			<line number="1214"  hits="4"  branch="false" />
			<line number="1217"  hits="4"  branch="false" />
			<line number="1218"  hits="4"  branch="false" />
			<line number="1220"  hits="4"  branch="false" />
			<line number="1229"  hits="1"  branch="false" />
			<line number="1230"  hits="115"  branch="false" />
			<line number="1231"  hits="115"  branch="false" />
			<line number="1232"  hits="299"  branch="false" />
			<line number="1233"  hits="299"  branch="false" />
			<line number="1235"  hits="115"  branch="false" />
			<line number="1241"  hits="1"  branch="true"  condition-coverage="50% (2/4)" />
			<line number="1242"  hits="0"  branch="false" />
			<line number="1243"  hits="0"  branch="false" />
		</lines>
		</class>
	</classes>
	</package>
</packages>
</coverage>
